[0.830s] Invoking command in '/home/vboxuser/multi_robot_ws/build/fleet_manager': PYTHONPATH=/home/vboxuser/multi_robot_ws/build/fleet_manager/prefix_override:/usr/lib/python3/dist-packages/colcon_core/task/python/colcon_distutils_commands:/home/vboxuser/multi_robot_ws/install/fleet_manager/lib/python3.10/site-packages:${PYTHONPATH} /usr/bin/python3 -W ignore:setup.py install is deprecated -W ignore:easy_install command is deprecated setup.py develop --editable --build-directory /home/vboxuser/multi_robot_ws/build/fleet_manager/build --no-deps symlink_data
[1.076s] running develop
[1.220s] running egg_info
[1.220s] creating fleet_manager.egg-info
[1.220s] writing fleet_manager.egg-info/PKG-INFO
[1.220s] writing dependency_links to fleet_manager.egg-info/dependency_links.txt
[1.221s] writing entry points to fleet_manager.egg-info/entry_points.txt
[1.221s] writing requirements to fleet_manager.egg-info/requires.txt
[1.221s] writing top-level names to fleet_manager.egg-info/top_level.txt
[1.221s] writing manifest file 'fleet_manager.egg-info/SOURCES.txt'
[1.226s] reading manifest file 'fleet_manager.egg-info/SOURCES.txt'
[1.226s] writing manifest file 'fleet_manager.egg-info/SOURCES.txt'
[1.226s] running build_ext
[1.226s] Creating /home/vboxuser/multi_robot_ws/install/fleet_manager/lib/python3.10/site-packages/fleet-manager.egg-link (link to .)
[1.227s] Installing fleet_manager script to /home/vboxuser/multi_robot_ws/install/fleet_manager/lib/fleet_manager
[1.227s] Installing robot2_status script to /home/vboxuser/multi_robot_ws/install/fleet_manager/lib/fleet_manager
[1.227s] Installing robot_status script to /home/vboxuser/multi_robot_ws/install/fleet_manager/lib/fleet_manager
[1.227s] 
[1.227s] Installed /home/vboxuser/multi_robot_ws/build/fleet_manager
[1.227s] running symlink_data
[1.227s] creating /home/vboxuser/multi_robot_ws/install/fleet_manager/share/ament_index
[1.227s] creating /home/vboxuser/multi_robot_ws/install/fleet_manager/share/ament_index/resource_index
[1.227s] creating /home/vboxuser/multi_robot_ws/install/fleet_manager/share/ament_index/resource_index/packages
[1.227s] symbolically linking /home/vboxuser/multi_robot_ws/build/fleet_manager/resource/fleet_manager -> /home/vboxuser/multi_robot_ws/install/fleet_manager/share/ament_index/resource_index/packages
[1.227s] symbolically linking /home/vboxuser/multi_robot_ws/build/fleet_manager/package.xml -> /home/vboxuser/multi_robot_ws/install/fleet_manager/share/fleet_manager
[1.227s] creating /home/vboxuser/multi_robot_ws/install/fleet_manager/share/fleet_manager/launch
[1.227s] symbolically linking /home/vboxuser/multi_robot_ws/build/fleet_manager/launch/multi_robot.launch.py -> /home/vboxuser/multi_robot_ws/install/fleet_manager/share/fleet_manager/launch
[1.227s] symbolically linking /home/vboxuser/multi_robot_ws/build/fleet_manager/launch/fleet.launch.py -> /home/vboxuser/multi_robot_ws/install/fleet_manager/share/fleet_manager/launch
[1.227s] symbolically linking /home/vboxuser/multi_robot_ws/build/fleet_manager/launch/navigation.launch.py -> /home/vboxuser/multi_robot_ws/install/fleet_manager/share/fleet_manager/launch
[1.258s] Invoked command in '/home/vboxuser/multi_robot_ws/build/fleet_manager' returned '0': PYTHONPATH=/home/vboxuser/multi_robot_ws/build/fleet_manager/prefix_override:/usr/lib/python3/dist-packages/colcon_core/task/python/colcon_distutils_commands:/home/vboxuser/multi_robot_ws/install/fleet_manager/lib/python3.10/site-packages:${PYTHONPATH} /usr/bin/python3 -W ignore:setup.py install is deprecated -W ignore:easy_install command is deprecated setup.py develop --editable --build-directory /home/vboxuser/multi_robot_ws/build/fleet_manager/build --no-deps symlink_data
